[debug] [2025-08-17T10:41:12.263Z] ----------------------------------------------------------------------
[debug] [2025-08-17T10:41:12.264Z] Command:       /opt/homebrew/Cellar/node/24.4.1/bin/node /opt/homebrew/bin/firebase deploy --project dotface-print-on-demand
[debug] [2025-08-17T10:41:12.265Z] CLI Version:   14.12.1
[debug] [2025-08-17T10:41:12.265Z] Platform:      darwin
[debug] [2025-08-17T10:41:12.265Z] Node Version:  v24.4.1
[debug] [2025-08-17T10:41:12.265Z] Time:          Sun Aug 17 2025 03:41:12 GMT-0700 (Pacific Daylight Time)
[debug] [2025-08-17T10:41:12.265Z] ----------------------------------------------------------------------
[debug] 
[debug] [2025-08-17T10:41:12.353Z] > command requires scopes: ["email","openid","https://www.googleapis.com/auth/cloudplatformprojects.readonly","https://www.googleapis.com/auth/firebase","https://www.googleapis.com/auth/cloud-platform"]
[debug] [2025-08-17T10:41:12.353Z] > authorizing via signed-in user (freks562@gmail.com)
[debug] [2025-08-17T10:41:12.353Z] [iam] checking project dotface-print-on-demand for permissions ["firebase.projects.get","firebasehosting.sites.update"]
[debug] [2025-08-17T10:41:12.353Z] Checked if tokens are valid: true, expires at: 1755430262293
[debug] [2025-08-17T10:41:12.353Z] Checked if tokens are valid: true, expires at: 1755430262293
[debug] [2025-08-17T10:41:12.354Z] >>> [apiv2][query] POST https://cloudresourcemanager.googleapis.com/v1/projects/dotface-print-on-demand:testIamPermissions [none]
[debug] [2025-08-17T10:41:12.354Z] >>> [apiv2][(partial)header] POST https://cloudresourcemanager.googleapis.com/v1/projects/dotface-print-on-demand:testIamPermissions x-goog-quota-user=projects/dotface-print-on-demand
[debug] [2025-08-17T10:41:12.354Z] >>> [apiv2][body] POST https://cloudresourcemanager.googleapis.com/v1/projects/dotface-print-on-demand:testIamPermissions {"permissions":["firebase.projects.get","firebasehosting.sites.update"]}
[debug] [2025-08-17T10:41:12.642Z] <<< [apiv2][status] POST https://cloudresourcemanager.googleapis.com/v1/projects/dotface-print-on-demand:testIamPermissions 200
[debug] [2025-08-17T10:41:12.642Z] <<< [apiv2][body] POST https://cloudresourcemanager.googleapis.com/v1/projects/dotface-print-on-demand:testIamPermissions {"permissions":["firebase.projects.get","firebasehosting.sites.update"]}
[debug] [2025-08-17T10:41:12.643Z] Checked if tokens are valid: true, expires at: 1755430262293
[debug] [2025-08-17T10:41:12.643Z] Checked if tokens are valid: true, expires at: 1755430262293
[debug] [2025-08-17T10:41:12.643Z] >>> [apiv2][query] GET https://firebase.googleapis.com/v1beta1/projects/dotface-print-on-demand [none]
[debug] [2025-08-17T10:41:12.846Z] <<< [apiv2][status] GET https://firebase.googleapis.com/v1beta1/projects/dotface-print-on-demand 200
[debug] [2025-08-17T10:41:12.847Z] <<< [apiv2][body] GET https://firebase.googleapis.com/v1beta1/projects/dotface-print-on-demand {"projectId":"dotface-print-on-demand","projectNumber":"522074968711","displayName":"Dotface Print-On-Demand","name":"projects/dotface-print-on-demand","resources":{"hostingSite":"dotface-print-on-demand"},"state":"ACTIVE","etag":"1_bb96d35a-dfe3-4bd7-82ae-8f0900f3b41d"}
[info] 
   Thank you for trying our early preview of Next.js support on Firebase Hosting.
   During the preview, support is best-effort and breaking changes can be expected. Proceed with caution.
   The integration is known to work with Next.js version 12 - 15.0. You may encounter errors.

   Documentation: https://firebase.google.com/docs/hosting/frameworks/nextjs
   File a bug: https://github.com/firebase/firebase-tools/issues/new?template=bug_report.md
   Submit a feature request: https://github.com/firebase/firebase-tools/issues/new?template=feature_request.md

   We'd love to learn from you. Express your interest in helping us shape the future of Firebase Hosting: https://goo.gle/41enW5X

[debug] [2025-08-17T10:41:14.340Z] Checked if tokens are valid: true, expires at: 1755430262293
[debug] [2025-08-17T10:41:14.340Z] Checked if tokens are valid: true, expires at: 1755430262293
[debug] [2025-08-17T10:41:14.340Z] >>> [apiv2][query] GET https://firebasehosting.googleapis.com/v1beta1/projects/dotface-print-on-demand/sites/dotface-print-on-demand [none]
[debug] [2025-08-17T10:41:14.749Z] <<< [apiv2][status] GET https://firebasehosting.googleapis.com/v1beta1/projects/dotface-print-on-demand/sites/dotface-print-on-demand 200
[debug] [2025-08-17T10:41:14.749Z] <<< [apiv2][body] GET https://firebasehosting.googleapis.com/v1beta1/projects/dotface-print-on-demand/sites/dotface-print-on-demand {"name":"projects/dotface-print-on-demand/sites/dotface-print-on-demand","defaultUrl":"https://dotface-print-on-demand.web.app","type":"DEFAULT_SITE"}
[info]    ▲ Next.js 15.3.3

[info]    - Environments: .env.local
   - Experiments (use with caution):
     ✓ optimizeCss


[info]    Creating an optimized production build ...

[info]  ✓ Compiled successfully in 0ms

[info]    Linting and checking validity of types ...

[info]    Collecting page data ...

[info] Error: supabaseUrl is required.
    at new ap (.next/server/chunks/398.js:7:368284)
    at ad (.next/server/chunks/398.js:7:372448)
    at 8341 (.next/server/app/api/get-user-balance/route.js:1:1356)
    at t (.next/server/webpack-runtime.js:1:128)
    at t (.next/server/app/api/get-user-balance/route.js:1:2460)
    at <unknown> (.next/server/app/api/get-user-balance/route.js:1:2495)
    at t.X (.next/server/webpack-runtime.js:1:1206)
    at <unknown> (.next/server/app/api/get-user-balance/route.js:1:2473)
    at Object.<anonymous> (.next/server/app/api/get-user-balance/route.js:1:2522)

[info] 

[info] > Build error occurred

[info] [Error: Failed to collect page data for /api/get-user-balance] {
  type: 'Error'
}

[debug] [2025-08-17T10:41:18.695Z] Error: ENOENT: no such file or directory, open '/Users/jamalwilliams/jamalai/.next/export-marker.json'
[error] 
[error] Error: An unexpected error has occurred.
